0 info it worked if it ends with ok
1 verbose cli [ 'D:\\Program Files\\nodejs\\node.exe',
1 verbose cli   'D:\\Program Files\\nodejs\\node_modules\\npm\\bin\\npm-cli.js',
1 verbose cli   'start' ]
2 info using npm@3.10.10
3 info using node@v6.11.2
4 verbose run-script [ 'prestart', 'start', 'poststart' ]
5 info lifecycle app@1.0.0~prestart: app@1.0.0
6 silly lifecycle app@1.0.0~prestart: no script for prestart, continuing
7 info lifecycle app@1.0.0~start: app@1.0.0
8 verbose lifecycle app@1.0.0~start: unsafe-perm in lifecycle true
9 verbose lifecycle app@1.0.0~start: PATH: D:\Program Files\nodejs\node_modules\npm\bin\node-gyp-bin;D:\Codigos\Alura\Javascript Avancado\alura-frame\server\node_modules\.bin;D:\cmder\bin;D:\cmder\vendor\conemu-maximus5\ConEmu\Scripts;D:\Program Files\R\R-3.4.1\bin\x64;D:\app\instantclient_12_2;D:\Program Files\R\R-3.4.1;D:\Program Files\R\R-3.4.1\bin;C:\Users\Jhones\AppData\Roaming\npm;C:\Users\Jhones\AppData\Roaming\npm\node_modules\@angular\cli\bin;D:\app\oracle\product\12.1.0\dbhome_1\bin;C:\Program Files\Microsoft MPI\Bin\;C:\ProgramData\Oracle\Java\javapath;C:\WINDOWS\system32;C:\WINDOWS;C:\WINDOWS\System32\Wbem;C:\WINDOWS\System32\WindowsPowerShell\v1.0\;C:\Program Files\Microsoft SQL Server\130\Tools\Binn\;C:\Program Files\dotnet\;C:\Program Files (x86)\Xoreax\IncrediBuild;C:\Program Files\Anaconda3;C:\Program Files\Anaconda3\Scripts;C:\Program Files\Anaconda3\Library\bin;C:\Program Files\Anaconda2;C:\Program Files\Anaconda2\Scripts;C:\Program Files\Anaconda2\Library\bin;C:\Program Files (x86)\Anaconda3;C:\Program Files (x86)\Anaconda3\Scripts;C:\Program Files (x86)\Anaconda3\Library\bin;C:\Program Files (x86)\Anaconda2;C:\Program Files (x86)\Anaconda2\Scripts;C:\Program Files (x86)\Anaconda2\Library\bin;C:\Program Files\Git\cmd;C:\Program Files (x86)\GtkSharp\2.12\bin;C:\Program Files (x86)\Microsoft Emulator Manager\1.0\;C:\Program Files\Microsoft SQL Server\Client SDK\ODBC\110\Tools\Binn\;C:\Program Files (x86)\Microsoft SQL Server\120\Tools\Binn\;C:\Program Files\Microsoft SQL Server\120\Tools\Binn\;C:\Program Files\Microsoft SQL Server\120\DTS\Binn\;C:\Program Files (x86)\Microsoft SQL Server\120\Tools\Binn\ManagementStudio\;C:\Program Files (x86)\Microsoft SQL Server\120\DTS\Binn\;D:\Program Files\nodejs\;D:\Program Files\R\R-3.4.1\bin\x64;D:\Program Files\R\R-3.4.1\bin;D:\Program Files\R\R-3.4.1;C:\Users\Jhones\AppData\Roaming\npm;C:\Users\Jhones\AppData\Roaming\npm\node_modules\@angular\cli\bin;D:\cmder\bin;D:\cmder\vendor\conemu-maximus5\ConEmu\Scripts;D:\cmder\vendor\conemu-maximus5;D:\cmder\vendor\conemu-maximus5\ConEmu;C:\Program Files\Microsoft MPI\Bin\;C:\ProgramData\Oracle\Java\javapath;C:\WINDOWS\system32;C:\WINDOWS;C:\WINDOWS\System32\Wbem;C:\WINDOWS\System32\WindowsPowerShell\v1.0\;C:\Program Files\Microsoft SQL Server\130\Tools\Binn\;C:\Program Files\dotnet\;C:\Program Files (x86)\Xoreax\IncrediBuild;C:\Program Files\Anaconda3;C:\Program Files\Anaconda3\Scripts;C:\Program Files\Anaconda3\Library\bin;C:\Program Files\Anaconda2;C:\Program Files\Anaconda2\Scripts;C:\Program Files\Anaconda2\Library\bin;C:\Program Files (x86)\Anaconda3;C:\Program Files (x86)\Anaconda3\Scripts;C:\Program Files (x86)\Anaconda3\Library\bin;C:\Program Files (x86)\Anaconda2;C:\Program Files (x86)\Anaconda2\Scripts;C:\Progra;C:\Program Files\Git\usr\bin;C:\Program Files\Git\usr\share\vim\vim74;D:\cmder\
10 verbose lifecycle app@1.0.0~start: CWD: D:\Codigos\Alura\Javascript Avancado\alura-frame\server
11 silly lifecycle app@1.0.0~start: Args: [ '/d /s /c', 'node server.js' ]
12 verbose stack Error: kill ENOSYS
12 verbose stack     at exports._errnoException (util.js:1020:11)
12 verbose stack     at process.kill (internal/process.js:190:13)
12 verbose stack     at process.listener (D:\Program Files\nodejs\node_modules\npm\node_modules\npmlog\node_modules\gauge\node_modules\signal-exit\index.js:86:15)
12 verbose stack     at emitNone (events.js:91:20)
12 verbose stack     at process.emit (events.js:185:7)
12 verbose stack     at processEmit (D:\Program Files\nodejs\node_modules\npm\node_modules\npmlog\node_modules\gauge\node_modules\signal-exit\index.js:146:32)
12 verbose stack     at processEmit (D:\Program Files\nodejs\node_modules\npm\node_modules\npm-registry-client\node_modules\npmlog\node_modules\gauge\node_modules\signal-exit\index.js:146:32)
12 verbose stack     at Signal.wrap.onsignal (internal/process.js:217:44)
13 verbose cwd D:\Codigos\Alura\Javascript Avancado\alura-frame\server
14 error Windows_NT 10.0.15063
15 error argv "D:\\Program Files\\nodejs\\node.exe" "D:\\Program Files\\nodejs\\node_modules\\npm\\bin\\npm-cli.js" "start"
16 error node v6.11.2
17 error npm  v3.10.10
18 error code ENOSYS
19 error errno ENOSYS
20 error syscall kill
21 error kill ENOSYS
22 error If you need help, you may report this error at:
22 error     <https://github.com/npm/npm/issues>
23 verbose exit [ 1, true ]
